2026-03-22 17:00:02,106 - __main__ - INFO - ============================================================
2026-03-22 17:00:02,107 - __main__ - INFO - 🔄 12 平台监督周期 - 2026-03-22 17:00:02
2026-03-22 17:00:02,107 - __main__ - INFO - ============================================================
2026-03-22 17:00:02,107 - __main__ - INFO - ✅ TikTok: 健康检查通过
2026-03-22 17:00:02,107 - __main__ - INFO - ✅ YouTube: 健康检查通过
2026-03-22 17:00:02,107 - __main__ - INFO - ✅ LinkedIn: 健康检查通过
2026-03-22 17:00:02,107 - __main__ - INFO - ✅ Upwork: 健康检查通过
2026-03-22 17:00:02,107 - __main__ - INFO - ✅ Telegram: 健康检查通过
2026-03-22 17:00:02,107 - __main__ - INFO - ✅ Stripe: 健康检查通过
2026-03-22 17:00:02,107 - __main__ - INFO - 总平台数: 6
2026-03-22 17:00:02,109 - __main__ - INFO - 运行中: 4
2026-03-22 17:00:02,109 - __main__ - INFO - ============================================================
2026-03-22 18:00:03,109 - __main__ - INFO - ============================================================
2026-03-22 18:00:03,110 - __main__ - INFO - 🔄 12 平台监督周期 - 2026-03-22 18:00:03
2026-03-22 18:00:03,110 - __main__ - INFO - ============================================================
2026-03-22 18:00:03,110 - __main__ - INFO - ✅ TikTok: 健康检查通过
2026-03-22 18:00:03,110 - __main__ - INFO - ✅ YouTube: 健康检查通过
2026-03-22 18:00:03,110 - __main__ - INFO - ✅ LinkedIn: 健康检查通过
2026-03-22 18:00:03,113 - __main__ - INFO - ✅ Upwork: 健康检查通过
2026-03-22 18:00:03,113 - __main__ - INFO - ✅ Telegram: 健康检查通过
2026-03-22 18:00:03,113 - __main__ - INFO - ✅ Stripe: 健康检查通过
2026-03-22 18:00:03,113 - __main__ - INFO - 总平台数: 6
2026-03-22 18:00:03,113 - __main__ - INFO - 运行中: 4
2026-03-22 18:00:03,114 - __main__ - INFO - ============================================================
