
╔════════════════════════════════════════════════════════════════════════╗
║                                                                        ║
║          💾 APEX SPEED LABS - 自动备份系统                          ║
║                                                                        ║
║                    20260322_235901                                        ║
║                                                                        ║
╚════════════════════════════════════════════════════════════════════════╝


📁 步骤1: 备份核心系统文件...
   ✅ OKR/Tracking/Templates

📁 步骤2: 备份自动化系统...
   ✅ Automation/Fast_Money

📁 步骤3: 备份AI产品...
   ✅ AI Products

📁 步骤4: 备份Cloudflare Workers...
   ✅ Cloudflare

📁 步骤5: 更新最新备份...
   ✅ 最新备份已更新

📁 步骤6: 备份到GitHub...
   ✅ GitHub 已更新

╔════════════════════════════════════════════════════════════════════════╗
║                      ✅ 备份完成！                                 ║
╚════════════════════════════════════════════════════════════════════════╝

📍 时间戳备份: /root/Backups/ApexSpeedLabs/20260322_235901
📍 最新备份:   /root/Backups/ApexSpeedLabs/latest
📊 文件数量:   1
📊 总大小:     16K

💾 备份日志: /Users/stevenwong/WorkBuddy/20260318123157/logs/backup.log

