[2026-03-22 21:00:02] === 抖音自动化开始 ===
[2026-03-22 21:00:02] 追踪抖音热点话题...
[2026-03-22 21:00:02] 热门话题: #数字营销 | 参与: 2.1万 | 趋势: 上升
[2026-03-22 21:00:02] 生成抖音内容...
[2026-03-22 21:00:02] 内容: 这个方法让我月入10万，适合普通人！
[2026-03-22 21:00:02] 准备发布抖音视频...
[2026-03-22 21:00:02] 注意: 抖音需要官方API或OAuth认证才能实际发布
[2026-03-22 21:00:02] 参与热点: #数字营销
[2026-03-22 21:00:02] 已点赞、评论、转发
[2026-03-22 21:00:02] 获取抖音数据分析...
[2026-03-22 21:00:02] 观看: 19659 | 点赞: 6951 | 评论: 757
[2026-03-22 21:00:02] === 抖音自动化完成 ===
[2026-03-22 21:00:02] === 抖音自动化开始 ===
[2026-03-22 21:00:02] 追踪抖音热点话题...
[2026-03-22 21:00:02] 热门话题: #数字营销 | 参与: 2.1万 | 趋势: 上升
[2026-03-22 21:00:02] 生成抖音内容...
[2026-03-22 21:00:02] 内容: 这个方法让我月入10万，适合普通人！
[2026-03-22 21:00:02] 准备发布抖音视频...
[2026-03-22 21:00:02] 注意: 抖音需要官方API或OAuth认证才能实际发布
[2026-03-22 21:00:02] 参与热点: #数字营销
[2026-03-22 21:00:02] 已点赞、评论、转发
[2026-03-22 21:00:02] 获取抖音数据分析...
[2026-03-22 21:00:02] 观看: 19659 | 点赞: 6951 | 评论: 757
[2026-03-22 21:00:02] === 抖音自动化完成 ===
[2026-03-22 22:00:02] === 抖音自动化开始 ===
[2026-03-22 22:00:02] 追踪抖音热点话题...
[2026-03-22 22:00:02] 热门话题: #AI改变生活 | 参与: 10.2万 | 趋势: 上升
[2026-03-22 22:00:02] 生成抖音内容...
[2026-03-22 22:00:02] 内容: 创业第350天，分享3个让我赚钱的秘密...
[2026-03-22 22:00:02] 准备发布抖音视频...
[2026-03-22 22:00:02] 注意: 抖音需要官方API或OAuth认证才能实际发布
[2026-03-22 22:00:02] 参与热点: #AI改变生活
[2026-03-22 22:00:02] 已点赞、评论、转发
[2026-03-22 22:00:02] 获取抖音数据分析...
[2026-03-22 22:00:02] 观看: 89515 | 点赞: 7662 | 评论: 31
[2026-03-22 22:00:02] === 抖音自动化完成 ===
[2026-03-22 22:00:02] === 抖音自动化开始 ===
[2026-03-22 22:00:02] 追踪抖音热点话题...
[2026-03-22 22:00:02] 热门话题: #AI改变生活 | 参与: 10.2万 | 趋势: 上升
[2026-03-22 22:00:02] 生成抖音内容...
[2026-03-22 22:00:02] 内容: 创业第350天，分享3个让我赚钱的秘密...
[2026-03-22 22:00:02] 准备发布抖音视频...
[2026-03-22 22:00:02] 注意: 抖音需要官方API或OAuth认证才能实际发布
[2026-03-22 22:00:02] 参与热点: #AI改变生活
[2026-03-22 22:00:02] 已点赞、评论、转发
[2026-03-22 22:00:02] 获取抖音数据分析...
[2026-03-22 22:00:02] 观看: 89515 | 点赞: 7662 | 评论: 31
[2026-03-22 22:00:02] === 抖音自动化完成 ===
