[2026-03-22 20:00:02] === Facebook自动化开始 ===
[2026-03-22 20:00:02] 生成Facebook内容...
[2026-03-22 20:00:02] 类型: text
[2026-03-22 20:00:02] 内容: 💡 一个重要的认知：

不是你不够努力，而是方法不对。

找到正确的工具和方法，效率可以提升10倍。...
[2026-03-22 20:00:02] 准备发布Facebook内容...
[2026-03-22 20:00:02] 注意: 需要Facebook Graph API才能实际发布
[2026-03-22 20:00:02] 检查并加入相关群组...
[2026-03-22 20:00:02] 目标群组: Digital Marketing SG
[2026-03-22 20:00:02] 执行社群互动...
[2026-03-22 20:00:02] 执行: 参与讨论
[2026-03-22 20:00:02] 获取Facebook Page分析...
[2026-03-22 20:00:02] 触达: 10751 | 互动: 97 | 点赞: 424
[2026-03-22 20:00:02] === Facebook自动化完成 ===
[2026-03-22 20:00:02] === Facebook自动化开始 ===
[2026-03-22 20:00:02] 生成Facebook内容...
[2026-03-22 20:00:02] 类型: text
[2026-03-22 20:00:02] 内容: 💡 一个重要的认知：

不是你不够努力，而是方法不对。

找到正确的工具和方法，效率可以提升10倍。...
[2026-03-22 20:00:02] 准备发布Facebook内容...
[2026-03-22 20:00:02] 注意: 需要Facebook Graph API才能实际发布
[2026-03-22 20:00:02] 检查并加入相关群组...
[2026-03-22 20:00:02] 目标群组: Digital Marketing SG
[2026-03-22 20:00:02] 执行社群互动...
[2026-03-22 20:00:02] 执行: 参与讨论
[2026-03-22 20:00:02] 获取Facebook Page分析...
[2026-03-22 20:00:02] 触达: 10751 | 互动: 97 | 点赞: 424
[2026-03-22 20:00:02] === Facebook自动化完成 ===
