=== 财务状态 (2026-03-22 12:00:01) ===
可用余额: 0.0 SGD
待处理: 0.0 SGD
支付数: 0
客户数: 0
订阅数: 0
=== 财务状态 (2026-03-22 13:00:01) ===
可用余额: 0.0 SGD
待处理: 0.0 SGD
支付数: 0
客户数: 0
订阅数: 0
=== 财务状态 (2026-03-22 14:00:01) ===
可用余额: 0.0 SGD
待处理: 0.0 SGD
支付数: 0
客户数: 0
订阅数: 0
=== 财务状态 (2026-03-22 15:00:01) ===
可用余额: 0.0 SGD
待处理: 0.0 SGD
支付数: 0
客户数: 0
订阅数: 0
=== 财务状态 (2026-03-22 16:00:01) ===
可用余额: 0.0 SGD
待处理: 0.0 SGD
支付数: 0
客户数: 0
订阅数: 0
=== 财务状态 (2026-03-22 17:00:01) ===
可用余额: 0.0 SGD
待处理: 0.0 SGD
支付数: 0
客户数: 0
订阅数: 0
=== 财务状态 (2026-03-22 18:00:01) ===
可用余额: 0.0 SGD
待处理: 0.0 SGD
支付数: 0
客户数: 0
订阅数: 0
=== 财务状态 (2026-03-22 19:00:01) ===
可用余额: 0.0 SGD
待处理: 0.0 SGD
支付数: 0
客户数: 0
订阅数: 0
=== 财务状态 (2026-03-22 20:00:01) ===
可用余额: 0.0 SGD
待处理: 0.0 SGD
支付数: 0
客户数: 0
订阅数: 0
=== 财务状态 (2026-03-22 21:00:02) ===
可用余额: 0.0 SGD
待处理: 0.0 SGD
支付数: 0
客户数: 0
订阅数: 0
=== 财务状态 (2026-03-22 22:05:02) ===
可用余额: 0.0 SGD
待处理: 0.0 SGD
支付数: 0
客户数: 0
订阅数: 0
=== 财务状态 (2026-03-22 23:05:01) ===
可用余额: 0.0 SGD
待处理: 0.0 SGD
支付数: 0
客户数: 0
订阅数: 0
=== 财务状态 (2026-03-23 00:05:01) ===
可用余额: 0.0 SGD
待处理: 0.0 SGD
支付数: 0
客户数: 0
订阅数: 0
=== 财务状态 (2026-03-23 02:05:01) ===
可用余额: 0.0 SGD
待处理: 0.0 SGD
支付数: 0
客户数: 0
订阅数: 0
