2026-03-22 17:05:01,277 - __main__ - INFO - ============================================================
2026-03-22 17:05:01,277 - __main__ - INFO - 🏥 系统健康检查 - 2026-03-22 17:05:01
2026-03-22 17:05:01,277 - __main__ - INFO - ============================================================
2026-03-22 17:05:01,280 - __main__ - INFO - ✅ 磁盘空间正常: 41%
2026-03-22 17:05:01,284 - __main__ - INFO - ✅ 内存正常: 27.0%
2026-03-22 17:05:01,461 - __main__ - INFO - ✅ 网络连接正常
2026-03-22 17:05:01,494 - __main__ - ERROR - ❌ 进程状态异常: {'python3': True, 'cron': True, 'nginx': False}
2026-03-22 17:05:01,494 - __main__ - INFO - ============================================================
2026-03-22 17:05:01,494 - __main__ - INFO - 发现 1 个问题，开始自动修复...
2026-03-22 17:05:01,494 - __main__ - INFO - ============================================================
2026-03-22 17:05:01,494 - __main__ - INFO - 🔧 开始自动修复...
2026-03-22 17:05:01,495 - __main__ - INFO - ============================================================
2026-03-22 17:05:01,495 - __main__ - INFO - 修复中: 关键进程未运行
2026-03-22 17:05:01,495 - __main__ - INFO - 🔧 尝试修复进程...
2026-03-22 17:05:02,207 - __main__ - INFO - ✅ 进程已修复
2026-03-22 17:05:02,207 - __main__ - INFO - ✅ 修复成功: 关键进程未运行
2026-03-22 17:05:02,207 - __main__ - INFO - ============================================================
2026-03-22 17:05:02,207 - __main__ - INFO - ✅ 已修复 1 个问题
2026-03-22 18:05:01,392 - __main__ - INFO - ============================================================
2026-03-22 18:05:01,392 - __main__ - INFO - 🏥 系统健康检查 - 2026-03-22 18:05:01
2026-03-22 18:05:01,392 - __main__ - INFO - ============================================================
2026-03-22 18:05:01,395 - __main__ - INFO - ✅ 磁盘空间正常: 42%
2026-03-22 18:05:01,398 - __main__ - INFO - ✅ 内存正常: 26.3%
2026-03-22 18:05:01,564 - __main__ - INFO - ✅ 网络连接正常
2026-03-22 18:05:01,599 - __main__ - ERROR - ❌ 进程状态异常: {'python3': True, 'cron': True, 'nginx': False}
2026-03-22 18:05:01,599 - __main__ - INFO - ============================================================
2026-03-22 18:05:01,600 - __main__ - INFO - 发现 1 个问题，开始自动修复...
2026-03-22 18:05:01,600 - __main__ - INFO - ============================================================
2026-03-22 18:05:01,600 - __main__ - INFO - 🔧 开始自动修复...
2026-03-22 18:05:01,600 - __main__ - INFO - ============================================================
2026-03-22 18:05:01,600 - __main__ - INFO - 修复中: 关键进程未运行
2026-03-22 18:05:01,600 - __main__ - INFO - 🔧 尝试修复进程...
2026-03-22 18:05:02,304 - __main__ - INFO - ✅ 进程已修复
2026-03-22 18:05:02,304 - __main__ - INFO - ✅ 修复成功: 关键进程未运行
2026-03-22 18:05:02,304 - __main__ - INFO - ============================================================
2026-03-22 18:05:02,304 - __main__ - INFO - ✅ 已修复 1 个问题
