[2026-03-22 22:00:02] === Instagram自动化开始 ===
[2026-03-22 22:00:02] 目标: 每天发布4次内容
[2026-03-22 22:00:02] 
--- 第1篇帖子 ---
[2026-03-22 22:00:02] 生成Instagram内容...
[2026-03-22 22:00:02] 类型: reel
[2026-03-22 22:00:02] 描述: POV: You're running a fully automated business 🤖

...
[2026-03-22 22:00:02] 创建视觉内容...
[2026-03-22 22:00:02] 注意: 实际发布需要Graph API或浏览器自动化
[2026-03-22 22:00:02] 准备发布Instagram帖子...
[2026-03-22 22:00:02] 执行观众互动...
[2026-03-22 22:00:02] 执行: 点赞相关帖子
[2026-03-22 22:00:02] 执行: 关注目标用户
[2026-03-22 22:00:02] 获取Instagram数据分析...
[2026-03-22 22:00:02] 触达: 3553 | 点赞: 143 | 保存: 193
[2026-03-22 22:00:02] === Instagram自动化完成 ===
[2026-03-22 22:00:02] === Instagram自动化开始 ===
[2026-03-22 22:00:02] 目标: 每天发布4次内容
[2026-03-22 22:00:02] 
--- 第1篇帖子 ---
[2026-03-22 22:00:02] 生成Instagram内容...
[2026-03-22 22:00:02] 类型: reel
[2026-03-22 22:00:02] 描述: POV: You're running a fully automated business 🤖

...
[2026-03-22 22:00:02] 创建视觉内容...
[2026-03-22 22:00:02] 注意: 实际发布需要Graph API或浏览器自动化
[2026-03-22 22:00:02] 准备发布Instagram帖子...
[2026-03-22 22:00:02] 执行观众互动...
[2026-03-22 22:00:02] 执行: 点赞相关帖子
[2026-03-22 22:00:02] 执行: 关注目标用户
[2026-03-22 22:00:02] 获取Instagram数据分析...
[2026-03-22 22:00:02] 触达: 3553 | 点赞: 143 | 保存: 193
[2026-03-22 22:00:02] === Instagram自动化完成 ===
