2026-03-22 18:10:01,679 - INFO - ✅ SendGrid 配置加载成功
2026-03-22 18:10:01,680 - INFO - 🚀 开始 Leads 自动跟进任务
2026-03-22 18:10:01,680 - INFO - ⏰ 开始时间: 2026-03-22 18:10:01
2026-03-22 18:10:01,682 - INFO - 📋 加载了 5 个 leads
2026-03-22 18:10:01,682 - INFO - 📊 找到 5 个需要跟进的 leads
2026-03-22 18:10:01,683 - INFO - 🎯 将跟进 5 个 leads
2026-03-22 18:10:01,683 - INFO - 
==================================================
2026-03-22 18:10:01,683 - INFO - 处理 Lead 1/5: John Tan
2026-03-22 18:10:01,683 - INFO - 跟进类型: first_contact
2026-03-22 18:10:01,683 - INFO - 使用模板: Day 3
2026-03-22 18:10:01,684 - ERROR - ❌ 邮件发送异常: type object 'Mail' has no attribute 'create_content'
2026-03-22 18:10:01,684 - ERROR - ❌ 邮件跟进发送失败: john.tan@example.com
2026-03-22 18:10:01,685 - INFO - ⏸️ 延迟 49.6 秒...
2026-03-22 18:10:51,323 - INFO - 
==================================================
2026-03-22 18:10:51,323 - INFO - 处理 Lead 2/5: Sarah Lee
2026-03-22 18:10:51,323 - INFO - 跟进类型: first_contact
2026-03-22 18:10:51,323 - INFO - 使用模板: Day 3
2026-03-22 18:10:51,324 - ERROR - ❌ 邮件发送异常: type object 'Mail' has no attribute 'create_content'
2026-03-22 18:10:51,324 - ERROR - ❌ 邮件跟进发送失败: sarah.lee@example.com
2026-03-22 18:10:51,324 - INFO - ⏸️ 延迟 53.9 秒...
2026-03-22 18:11:45,195 - INFO - 
==================================================
2026-03-22 18:11:45,195 - INFO - 处理 Lead 3/5: Michael Chen
2026-03-22 18:11:45,195 - INFO - 跟进类型: first_contact
2026-03-22 18:11:45,196 - INFO - 使用模板: Day 3
2026-03-22 18:11:45,196 - ERROR - ❌ 邮件发送异常: type object 'Mail' has no attribute 'create_content'
2026-03-22 18:11:45,196 - ERROR - ❌ 邮件跟进发送失败: michael.chen@example.com
2026-03-22 18:11:45,196 - INFO - ⏸️ 延迟 49.6 秒...
2026-03-22 18:12:34,763 - INFO - 
==================================================
2026-03-22 18:12:34,763 - INFO - 处理 Lead 4/5: Emily Wong
2026-03-22 18:12:34,763 - INFO - 跟进类型: first_contact
2026-03-22 18:12:34,763 - INFO - 使用模板: Day 3
2026-03-22 18:12:34,763 - ERROR - ❌ 邮件发送异常: type object 'Mail' has no attribute 'create_content'
2026-03-22 18:12:34,763 - ERROR - ❌ 邮件跟进发送失败: emily.wong@example.com
2026-03-22 18:12:34,763 - INFO - ⏸️ 延迟 58.3 秒...
2026-03-22 18:13:33,074 - INFO - 
==================================================
2026-03-22 18:13:33,075 - INFO - 处理 Lead 5/5: David Lim
2026-03-22 18:13:33,075 - INFO - 跟进类型: first_contact
2026-03-22 18:13:33,075 - INFO - 使用模板: Day 3
2026-03-22 18:13:33,075 - ERROR - ❌ 邮件发送异常: type object 'Mail' has no attribute 'create_content'
2026-03-22 18:13:33,075 - ERROR - ❌ 邮件跟进发送失败: david.lim@example.com
2026-03-22 18:13:33,075 - INFO - ⏸️ 延迟 41.5 秒...
2026-03-22 18:14:14,600 - INFO - ✅ Leads 数据库已保存
2026-03-22 18:14:14,600 - INFO - ✅ 结果已保存到: /root/apex-automation/logs/leads_followup_results_20260322_181414.json
2026-03-22 18:14:14,600 - INFO - 
✅ 任务完成！跟进 5 个，失败 0 个
2026-03-22 18:14:14,601 - INFO - ⏰ 结束时间: 2026-03-22 18:14:14
