2026-03-22 18:00:02,926 - INFO - ==================================================
2026-03-22 18:00:02,927 - INFO - LinkedIn自动私信系统启动
2026-03-22 18:00:02,927 - INFO - ==================================================
2026-03-22 18:00:05,464 - INFO - 正在登录LinkedIn...
2026-03-22 18:00:11,270 - INFO - 登录完成
2026-03-22 18:00:11,270 - INFO - 正在发送私信给 John Tan...
2026-03-22 18:00:11,848 - WARNING - ❌ 私信发送失败: John Tan
2026-03-22 18:00:11,848 - INFO - 等待 20 秒...
2026-03-22 18:00:31,866 - INFO - 正在发送私信给 Sarah Lee...
2026-03-22 18:00:31,886 - WARNING - ❌ 私信发送失败: Sarah Lee
2026-03-22 18:00:31,886 - INFO - 等待 21 秒...
2026-03-22 18:00:52,888 - INFO - 正在发送私信给 Michael Chen...
2026-03-22 18:00:52,912 - WARNING - ❌ 私信发送失败: Michael Chen
2026-03-22 18:00:52,912 - INFO - 等待 20 秒...
2026-03-22 18:01:12,915 - INFO - 正在发送私信给 Emily Wong...
2026-03-22 18:01:12,937 - WARNING - ❌ 私信发送失败: Emily Wong
2026-03-22 18:01:12,937 - INFO - 等待 23 秒...
2026-03-22 18:01:35,940 - INFO - 正在发送私信给 David Lim...
2026-03-22 18:01:35,961 - WARNING - ❌ 私信发送失败: David Lim
2026-03-22 18:01:35,962 - INFO - 等待 21 秒...
2026-03-22 18:01:56,964 - INFO - 正在发送私信给 Rachel Goh...
2026-03-22 18:01:56,980 - WARNING - ❌ 私信发送失败: Rachel Goh
2026-03-22 18:01:56,981 - INFO - 等待 27 秒...
2026-03-22 18:02:23,982 - INFO - 正在发送私信给 James Ng...
2026-03-22 18:02:23,999 - WARNING - ❌ 私信发送失败: James Ng
2026-03-22 18:02:23,999 - INFO - 等待 14 秒...
2026-03-22 18:02:38,000 - INFO - 正在发送私信给 Amanda Koh...
2026-03-22 18:02:38,016 - WARNING - ❌ 私信发送失败: Amanda Koh
2026-03-22 18:02:38,016 - INFO - 等待 28 秒...
2026-03-22 18:03:06,018 - INFO - 正在发送私信给 Kevin Ho...
2026-03-22 18:03:06,037 - WARNING - ❌ 私信发送失败: Kevin Ho
2026-03-22 18:03:06,037 - INFO - 等待 24 秒...
2026-03-22 18:03:30,039 - INFO - 正在发送私信给 Michelle Tay...
2026-03-22 18:03:30,055 - WARNING - ❌ 私信发送失败: Michelle Tay
2026-03-22 18:03:30,055 - INFO - 等待 23 秒...
2026-03-22 18:03:53,151 - INFO - ==================================================
2026-03-22 18:03:53,152 - INFO - 任务完成! 发送 0 条，失败 10 条
2026-03-22 18:03:53,152 - INFO - ==================================================
