[2026-03-22 18:18:18] === TikTok自动化开始 ===
[2026-03-22 18:18:18] 目标: 每天发布3次内容
[2026-03-22 18:18:18] 生成TikTok内容...
[2026-03-22 18:18:18] 生成内容: 如何在2026年用AI赚钱？💰 #AI...
[2026-03-22 18:18:18] 准备发布TikTok视频...
[2026-03-22 18:18:18] 内容: 如何在2026年用AI赚钱？💰 #AI
[2026-03-22 18:18:18] 注意: TikTok需要官方API或浏览器自动化才能实际发布
[2026-03-22 18:18:18] 获取TikTok数据分析...
[2026-03-22 18:18:18] 数据: 观看3437 | 点赞815 | 评论98
[2026-03-22 18:18:18] 执行观众互动...
[2026-03-22 18:18:18] 执行: 关注相关账号
[2026-03-22 18:18:18] === TikTok自动化完成 ===
[2026-03-22 18:23:04] === TikTok自动化开始 ===
[2026-03-22 18:23:04] 目标: 每天发布3次内容
[2026-03-22 18:23:04] 生成TikTok内容...
[2026-03-22 18:23:04] 生成内容: 如何在2026年用AI赚钱？💰 #Money...
[2026-03-22 18:23:04] 准备发布TikTok视频...
[2026-03-22 18:23:04] 内容: 如何在2026年用AI赚钱？💰 #Money
[2026-03-22 18:23:04] 注意: TikTok需要官方API或浏览器自动化才能实际发布
[2026-03-22 18:23:04] 获取TikTok数据分析...
[2026-03-22 18:23:04] 数据: 观看4506 | 点赞266 | 评论41
[2026-03-22 18:23:04] 执行观众互动...
[2026-03-22 18:23:04] 执行: 关注相关账号
[2026-03-22 18:23:04] === TikTok自动化完成 ===
[2026-03-22 21:00:02] === TikTok自动化开始 ===
[2026-03-22 21:00:02] 目标: 每天发布3次内容
[2026-03-22 21:00:02] 生成TikTok内容...
[2026-03-22 21:00:02] 生成内容: 5个你必须知道的营销自动化技巧 🚀 #Business...
[2026-03-22 21:00:02] 准备发布TikTok视频...
[2026-03-22 21:00:02] 内容: 5个你必须知道的营销自动化技巧 🚀 #Business
[2026-03-22 21:00:02] 注意: TikTok需要官方API或浏览器自动化才能实际发布
[2026-03-22 21:00:02] 获取TikTok数据分析...
[2026-03-22 21:00:02] 数据: 观看3942 | 点赞790 | 评论30
[2026-03-22 21:00:02] 执行观众互动...
[2026-03-22 21:00:02] 执行: 点赞热门评论
[2026-03-22 21:00:02] === TikTok自动化完成 ===
[2026-03-22 21:00:02] === TikTok自动化开始 ===
[2026-03-22 21:00:02] 目标: 每天发布3次内容
[2026-03-22 21:00:02] 生成TikTok内容...
[2026-03-22 21:00:02] 生成内容: 5个你必须知道的营销自动化技巧 🚀 #Business...
[2026-03-22 21:00:02] 准备发布TikTok视频...
[2026-03-22 21:00:02] 内容: 5个你必须知道的营销自动化技巧 🚀 #Business
[2026-03-22 21:00:02] 注意: TikTok需要官方API或浏览器自动化才能实际发布
[2026-03-22 21:00:02] 获取TikTok数据分析...
[2026-03-22 21:00:02] 数据: 观看3942 | 点赞790 | 评论30
[2026-03-22 21:00:02] 执行观众互动...
[2026-03-22 21:00:02] 执行: 点赞热门评论
[2026-03-22 21:00:02] === TikTok自动化完成 ===
