[2026-03-22 18:18:27] === USDC支付监控开始 ===
[2026-03-22 18:18:27] 检查USDC钱包余额...
[2026-03-22 18:18:27] USDC余额: 6741.3512 USDC
[2026-03-22 18:18:27] 检查USDC交易...
[2026-03-22 18:18:27] 暂无新USDC交易
[2026-03-22 18:18:27] === USDC支付监控完成 ===
[2026-03-22 18:30:01] === USDC支付监控开始 ===
[2026-03-22 18:30:01] 检查USDC钱包余额...
[2026-03-22 18:30:01] USDC余额: 4587.0132 USDC
[2026-03-22 18:30:01] 检查USDC交易...
[2026-03-22 18:30:01] 暂无新USDC交易
[2026-03-22 18:30:01] === USDC支付监控完成 ===
[2026-03-22 18:30:01] === USDC支付监控开始 ===
[2026-03-22 18:30:01] 检查USDC钱包余额...
[2026-03-22 18:30:01] USDC余额: 4587.0132 USDC
[2026-03-22 18:30:01] 检查USDC交易...
[2026-03-22 18:30:01] 暂无新USDC交易
[2026-03-22 18:30:01] === USDC支付监控完成 ===
[2026-03-22 18:45:01] === USDC支付监控开始 ===
[2026-03-22 18:45:01] 检查USDC钱包余额...
[2026-03-22 18:45:01] USDC余额: 357.7603 USDC
[2026-03-22 18:45:01] 检查USDC交易...
[2026-03-22 18:45:01] 暂无新USDC交易
[2026-03-22 18:45:01] === USDC支付监控完成 ===
[2026-03-22 18:45:01] === USDC支付监控开始 ===
[2026-03-22 18:45:01] 检查USDC钱包余额...
[2026-03-22 18:45:01] USDC余额: 357.7603 USDC
[2026-03-22 18:45:01] 检查USDC交易...
[2026-03-22 18:45:01] 暂无新USDC交易
[2026-03-22 18:45:01] === USDC支付监控完成 ===
[2026-03-22 19:00:02] === USDC支付监控开始 ===
[2026-03-22 19:00:02] 检查USDC钱包余额...
[2026-03-22 19:00:02] USDC余额: 2303.3038 USDC
[2026-03-22 19:00:02] 检查USDC交易...
[2026-03-22 19:00:02] 暂无新USDC交易
[2026-03-22 19:00:02] === USDC支付监控完成 ===
[2026-03-22 19:00:02] === USDC支付监控开始 ===
[2026-03-22 19:00:02] 检查USDC钱包余额...
[2026-03-22 19:00:02] USDC余额: 2303.3038 USDC
[2026-03-22 19:00:02] 检查USDC交易...
[2026-03-22 19:00:02] 暂无新USDC交易
[2026-03-22 19:00:02] === USDC支付监控完成 ===
[2026-03-22 19:15:01] === USDC支付监控开始 ===
[2026-03-22 19:15:01] 检查USDC钱包余额...
[2026-03-22 19:15:01] USDC余额: 4178.0718 USDC
[2026-03-22 19:15:01] 检查USDC交易...
[2026-03-22 19:15:01] 发现 1 笔新USDC交易
[2026-03-22 19:15:01] 金额: 7.0952 USDC | 状态: confirmed
[2026-03-22 19:15:01] 验证交易: 0xaa55778c10beacc166...
[2026-03-22 19:15:01] 区块链确认: ✅
[2026-03-22 19:15:01] 金额验证: ✅
[2026-03-22 19:15:01] 状态: 已确认
[2026-03-22 19:15:01] 触发订单完成流程...
[2026-03-22 19:15:01] 发送确认邮件
[2026-03-22 19:15:01] 开通服务权限
[2026-03-22 19:15:01] 更新CRM记录
[2026-03-22 19:15:01] === USDC支付监控完成 ===
[2026-03-22 19:15:01] === USDC支付监控开始 ===
[2026-03-22 19:15:01] 检查USDC钱包余额...
[2026-03-22 19:15:01] USDC余额: 4178.0718 USDC
[2026-03-22 19:15:01] 检查USDC交易...
[2026-03-22 19:15:01] 发现 1 笔新USDC交易
[2026-03-22 19:15:01] 金额: 7.0952 USDC | 状态: confirmed
[2026-03-22 19:15:01] 验证交易: 0xaa55778c10beacc166...
[2026-03-22 19:15:01] 区块链确认: ✅
[2026-03-22 19:15:01] 金额验证: ✅
[2026-03-22 19:15:01] 状态: 已确认
[2026-03-22 19:15:01] 触发订单完成流程...
[2026-03-22 19:15:01] 发送确认邮件
[2026-03-22 19:15:01] 开通服务权限
[2026-03-22 19:15:01] 更新CRM记录
[2026-03-22 19:15:01] === USDC支付监控完成 ===
[2026-03-22 19:30:02] === USDC支付监控开始 ===
[2026-03-22 19:30:02] 检查USDC钱包余额...
[2026-03-22 19:30:02] USDC余额: 7747.9681 USDC
[2026-03-22 19:30:02] 检查USDC交易...
[2026-03-22 19:30:02] 暂无新USDC交易
[2026-03-22 19:30:02] === USDC支付监控完成 ===
[2026-03-22 19:30:02] === USDC支付监控开始 ===
[2026-03-22 19:30:02] 检查USDC钱包余额...
[2026-03-22 19:30:02] USDC余额: 7747.9681 USDC
[2026-03-22 19:30:02] 检查USDC交易...
[2026-03-22 19:30:02] 暂无新USDC交易
[2026-03-22 19:30:02] === USDC支付监控完成 ===
[2026-03-22 19:45:01] === USDC支付监控开始 ===
[2026-03-22 19:45:01] 检查USDC钱包余额...
[2026-03-22 19:45:01] USDC余额: 7495.6776 USDC
[2026-03-22 19:45:01] 检查USDC交易...
[2026-03-22 19:45:01] 暂无新USDC交易
[2026-03-22 19:45:01] === USDC支付监控完成 ===
[2026-03-22 19:45:01] === USDC支付监控开始 ===
[2026-03-22 19:45:01] 检查USDC钱包余额...
[2026-03-22 19:45:01] USDC余额: 7495.6776 USDC
[2026-03-22 19:45:01] 检查USDC交易...
[2026-03-22 19:45:01] 暂无新USDC交易
[2026-03-22 19:45:01] === USDC支付监控完成 ===
[2026-03-22 20:00:02] === USDC支付监控开始 ===
[2026-03-22 20:00:02] 检查USDC钱包余额...
[2026-03-22 20:00:02] USDC余额: 3961.5551 USDC
[2026-03-22 20:00:02] 检查USDC交易...
[2026-03-22 20:00:02] 暂无新USDC交易
[2026-03-22 20:00:02] === USDC支付监控完成 ===
[2026-03-22 20:00:02] === USDC支付监控开始 ===
[2026-03-22 20:00:02] 检查USDC钱包余额...
[2026-03-22 20:00:02] USDC余额: 3961.5551 USDC
[2026-03-22 20:00:02] 检查USDC交易...
[2026-03-22 20:00:02] 暂无新USDC交易
[2026-03-22 20:00:02] === USDC支付监控完成 ===
[2026-03-22 20:15:02] === USDC支付监控开始 ===
[2026-03-22 20:15:02] 检查USDC钱包余额...
[2026-03-22 20:15:02] USDC余额: 7053.3306 USDC
[2026-03-22 20:15:02] 检查USDC交易...
[2026-03-22 20:15:02] 暂无新USDC交易
[2026-03-22 20:15:02] === USDC支付监控完成 ===
[2026-03-22 20:15:02] === USDC支付监控开始 ===
[2026-03-22 20:15:02] 检查USDC钱包余额...
[2026-03-22 20:15:02] USDC余额: 7053.3306 USDC
[2026-03-22 20:15:02] 检查USDC交易...
[2026-03-22 20:15:02] 暂无新USDC交易
[2026-03-22 20:15:02] === USDC支付监控完成 ===
[2026-03-22 20:30:01] === USDC支付监控开始 ===
[2026-03-22 20:30:01] 检查USDC钱包余额...
[2026-03-22 20:30:01] USDC余额: 5004.0859 USDC
[2026-03-22 20:30:01] 检查USDC交易...
[2026-03-22 20:30:01] 暂无新USDC交易
[2026-03-22 20:30:01] === USDC支付监控完成 ===
[2026-03-22 20:30:01] === USDC支付监控开始 ===
[2026-03-22 20:30:01] 检查USDC钱包余额...
[2026-03-22 20:30:01] USDC余额: 5004.0859 USDC
[2026-03-22 20:30:01] 检查USDC交易...
[2026-03-22 20:30:01] 暂无新USDC交易
[2026-03-22 20:30:01] === USDC支付监控完成 ===
[2026-03-22 20:45:01] === USDC支付监控开始 ===
[2026-03-22 20:45:01] 检查USDC钱包余额...
[2026-03-22 20:45:01] USDC余额: 2903.2937 USDC
[2026-03-22 20:45:01] 检查USDC交易...
[2026-03-22 20:45:01] 暂无新USDC交易
[2026-03-22 20:45:01] === USDC支付监控完成 ===
[2026-03-22 20:45:01] === USDC支付监控开始 ===
[2026-03-22 20:45:01] 检查USDC钱包余额...
[2026-03-22 20:45:01] USDC余额: 2903.2937 USDC
[2026-03-22 20:45:01] 检查USDC交易...
[2026-03-22 20:45:01] 暂无新USDC交易
[2026-03-22 20:45:01] === USDC支付监控完成 ===
[2026-03-22 21:00:02] === USDC支付监控开始 ===
[2026-03-22 21:00:02] 检查USDC钱包余额...
[2026-03-22 21:00:02] USDC余额: 5226.0176 USDC
[2026-03-22 21:00:02] 检查USDC交易...
[2026-03-22 21:00:02] 发现 1 笔新USDC交易
[2026-03-22 21:00:02] 金额: 5.955 USDC | 状态: confirmed
[2026-03-22 21:00:02] 验证交易: 0x7b46b6de5c810706c1...
[2026-03-22 21:00:02] 区块链确认: ✅
[2026-03-22 21:00:02] 金额验证: ✅
[2026-03-22 21:00:02] 状态: 已确认
[2026-03-22 21:00:02] 触发订单完成流程...
[2026-03-22 21:00:02] 发送确认邮件
[2026-03-22 21:00:02] 开通服务权限
[2026-03-22 21:00:02] 更新CRM记录
[2026-03-22 21:00:02] === USDC支付监控完成 ===
[2026-03-22 21:00:02] === USDC支付监控开始 ===
[2026-03-22 21:00:02] 检查USDC钱包余额...
[2026-03-22 21:00:02] USDC余额: 5226.0176 USDC
[2026-03-22 21:00:02] 检查USDC交易...
[2026-03-22 21:00:02] 发现 1 笔新USDC交易
[2026-03-22 21:00:02] 金额: 5.955 USDC | 状态: confirmed
[2026-03-22 21:00:02] 验证交易: 0x7b46b6de5c810706c1...
[2026-03-22 21:00:02] 区块链确认: ✅
[2026-03-22 21:00:02] 金额验证: ✅
[2026-03-22 21:00:02] 状态: 已确认
[2026-03-22 21:00:02] 触发订单完成流程...
[2026-03-22 21:00:02] 发送确认邮件
[2026-03-22 21:00:02] 开通服务权限
[2026-03-22 21:00:02] 更新CRM记录
[2026-03-22 21:00:02] === USDC支付监控完成 ===
[2026-03-22 21:30:02] === USDC支付监控开始 ===
[2026-03-22 21:30:02] 检查USDC钱包余额...
[2026-03-22 21:30:02] USDC余额: 8354.2846 USDC
[2026-03-22 21:30:02] 检查USDC交易...
[2026-03-22 21:30:02] 发现 1 笔新USDC交易
[2026-03-22 21:30:02] 金额: 8.1065 USDC | 状态: confirmed
[2026-03-22 21:30:02] 验证交易: 0x214aa8b935e4ef6e38...
[2026-03-22 21:30:02] 区块链确认: ✅
[2026-03-22 21:30:02] 金额验证: ✅
[2026-03-22 21:30:02] 状态: 已确认
[2026-03-22 21:30:02] 触发订单完成流程...
[2026-03-22 21:30:02] 发送确认邮件
[2026-03-22 21:30:02] 开通服务权限
[2026-03-22 21:30:02] 更新CRM记录
[2026-03-22 21:30:02] === USDC支付监控完成 ===
[2026-03-22 21:30:02] === USDC支付监控开始 ===
[2026-03-22 21:30:02] 检查USDC钱包余额...
[2026-03-22 21:30:02] USDC余额: 8354.2846 USDC
[2026-03-22 21:30:02] 检查USDC交易...
[2026-03-22 21:30:02] 发现 1 笔新USDC交易
[2026-03-22 21:30:02] 金额: 8.1065 USDC | 状态: confirmed
[2026-03-22 21:30:02] 验证交易: 0x214aa8b935e4ef6e38...
[2026-03-22 21:30:02] 区块链确认: ✅
[2026-03-22 21:30:02] 金额验证: ✅
[2026-03-22 21:30:02] 状态: 已确认
[2026-03-22 21:30:02] 触发订单完成流程...
[2026-03-22 21:30:02] 发送确认邮件
[2026-03-22 21:30:02] 开通服务权限
[2026-03-22 21:30:02] 更新CRM记录
[2026-03-22 21:30:02] === USDC支付监控完成 ===
[2026-03-22 22:00:02] === USDC支付监控开始 ===
[2026-03-22 22:00:02] 检查USDC钱包余额...
[2026-03-22 22:00:02] USDC余额: 4424.0305 USDC
[2026-03-22 22:00:02] 检查USDC交易...
[2026-03-22 22:00:02] 发现 1 笔新USDC交易
[2026-03-22 22:00:02] 金额: 4.6188 USDC | 状态: confirmed
[2026-03-22 22:00:02] 验证交易: 0xfb79620ae0b7a24e9e...
[2026-03-22 22:00:02] 区块链确认: ✅
[2026-03-22 22:00:02] 金额验证: ✅
[2026-03-22 22:00:02] 状态: 已确认
[2026-03-22 22:00:02] 触发订单完成流程...
[2026-03-22 22:00:02] 发送确认邮件
[2026-03-22 22:00:02] 开通服务权限
[2026-03-22 22:00:02] 更新CRM记录
[2026-03-22 22:00:02] === USDC支付监控完成 ===
[2026-03-22 22:00:02] === USDC支付监控开始 ===
[2026-03-22 22:00:02] 检查USDC钱包余额...
[2026-03-22 22:00:02] USDC余额: 4424.0305 USDC
[2026-03-22 22:00:02] 检查USDC交易...
[2026-03-22 22:00:02] 发现 1 笔新USDC交易
[2026-03-22 22:00:02] 金额: 4.6188 USDC | 状态: confirmed
[2026-03-22 22:00:02] 验证交易: 0xfb79620ae0b7a24e9e...
[2026-03-22 22:00:02] 区块链确认: ✅
[2026-03-22 22:00:02] 金额验证: ✅
[2026-03-22 22:00:02] 状态: 已确认
[2026-03-22 22:00:02] 触发订单完成流程...
[2026-03-22 22:00:02] 发送确认邮件
[2026-03-22 22:00:02] 开通服务权限
[2026-03-22 22:00:02] 更新CRM记录
[2026-03-22 22:00:02] === USDC支付监控完成 ===
[2026-03-22 22:30:01] === USDC支付监控开始 ===
[2026-03-22 22:30:01] 检查USDC钱包余额...
[2026-03-22 22:30:01] USDC余额: 5336.2093 USDC
[2026-03-22 22:30:01] 检查USDC交易...
[2026-03-22 22:30:01] 发现 1 笔新USDC交易
[2026-03-22 22:30:01] 金额: 0.3302 USDC | 状态: confirmed
[2026-03-22 22:30:01] 验证交易: 0xb35e9c37b6d53fe267...
[2026-03-22 22:30:01] 区块链确认: ✅
[2026-03-22 22:30:01] 金额验证: ✅
[2026-03-22 22:30:01] 状态: 已确认
[2026-03-22 22:30:01] 触发订单完成流程...
[2026-03-22 22:30:01] 发送确认邮件
[2026-03-22 22:30:01] 开通服务权限
[2026-03-22 22:30:01] 更新CRM记录
[2026-03-22 22:30:01] === USDC支付监控完成 ===
[2026-03-22 22:30:01] === USDC支付监控开始 ===
[2026-03-22 22:30:01] 检查USDC钱包余额...
[2026-03-22 22:30:01] USDC余额: 5336.2093 USDC
[2026-03-22 22:30:01] 检查USDC交易...
[2026-03-22 22:30:01] 发现 1 笔新USDC交易
[2026-03-22 22:30:01] 金额: 0.3302 USDC | 状态: confirmed
[2026-03-22 22:30:01] 验证交易: 0xb35e9c37b6d53fe267...
[2026-03-22 22:30:01] 区块链确认: ✅
[2026-03-22 22:30:01] 金额验证: ✅
[2026-03-22 22:30:01] 状态: 已确认
[2026-03-22 22:30:01] 触发订单完成流程...
[2026-03-22 22:30:01] 发送确认邮件
[2026-03-22 22:30:01] 开通服务权限
[2026-03-22 22:30:01] 更新CRM记录
[2026-03-22 22:30:01] === USDC支付监控完成 ===
[2026-03-22 23:00:01] === USDC支付监控开始 ===
[2026-03-22 23:00:01] 检查USDC钱包余额...
[2026-03-22 23:00:01] USDC余额: 3400.0764 USDC
[2026-03-22 23:00:01] 检查USDC交易...
[2026-03-22 23:00:01] 暂无新USDC交易
[2026-03-22 23:00:01] === USDC支付监控完成 ===
[2026-03-22 23:00:01] === USDC支付监控开始 ===
[2026-03-22 23:00:01] 检查USDC钱包余额...
[2026-03-22 23:00:01] USDC余额: 3400.0764 USDC
[2026-03-22 23:00:01] 检查USDC交易...
[2026-03-22 23:00:01] 暂无新USDC交易
[2026-03-22 23:00:01] === USDC支付监控完成 ===
[2026-03-22 23:30:01] === USDC支付监控开始 ===
[2026-03-22 23:30:01] 检查USDC钱包余额...
[2026-03-22 23:30:01] USDC余额: 3099.4647 USDC
[2026-03-22 23:30:01] 检查USDC交易...
[2026-03-22 23:30:01] 发现 1 笔新USDC交易
[2026-03-22 23:30:01] 金额: 8.8888 USDC | 状态: confirmed
[2026-03-22 23:30:01] 验证交易: 0x9922b5c6a67b616e09...
[2026-03-22 23:30:01] 区块链确认: ✅
[2026-03-22 23:30:01] 金额验证: ✅
[2026-03-22 23:30:01] 状态: 已确认
[2026-03-22 23:30:01] 触发订单完成流程...
[2026-03-22 23:30:01] 发送确认邮件
[2026-03-22 23:30:01] 开通服务权限
[2026-03-22 23:30:01] 更新CRM记录
[2026-03-22 23:30:01] === USDC支付监控完成 ===
[2026-03-22 23:30:01] === USDC支付监控开始 ===
[2026-03-22 23:30:01] 检查USDC钱包余额...
[2026-03-22 23:30:01] USDC余额: 3099.4647 USDC
[2026-03-22 23:30:01] 检查USDC交易...
[2026-03-22 23:30:01] 发现 1 笔新USDC交易
[2026-03-22 23:30:01] 金额: 8.8888 USDC | 状态: confirmed
[2026-03-22 23:30:01] 验证交易: 0x9922b5c6a67b616e09...
[2026-03-22 23:30:01] 区块链确认: ✅
[2026-03-22 23:30:01] 金额验证: ✅
[2026-03-22 23:30:01] 状态: 已确认
[2026-03-22 23:30:01] 触发订单完成流程...
[2026-03-22 23:30:01] 发送确认邮件
[2026-03-22 23:30:01] 开通服务权限
[2026-03-22 23:30:01] 更新CRM记录
[2026-03-22 23:30:01] === USDC支付监控完成 ===
[2026-03-23 00:00:03] === USDC支付监控开始 ===
[2026-03-23 00:00:03] 检查USDC钱包余额...
[2026-03-23 00:00:03] USDC余额: 1497.3737 USDC
[2026-03-23 00:00:03] 检查USDC交易...
[2026-03-23 00:00:03] 暂无新USDC交易
[2026-03-23 00:00:03] === USDC支付监控完成 ===
[2026-03-23 00:00:03] === USDC支付监控开始 ===
[2026-03-23 00:00:03] 检查USDC钱包余额...
[2026-03-23 00:00:03] USDC余额: 1497.3737 USDC
[2026-03-23 00:00:03] 检查USDC交易...
[2026-03-23 00:00:03] 暂无新USDC交易
[2026-03-23 00:00:03] === USDC支付监控完成 ===
[2026-03-23 00:30:02] === USDC支付监控开始 ===
[2026-03-23 00:30:02] 检查USDC钱包余额...
[2026-03-23 00:30:02] USDC余额: 917.8988 USDC
[2026-03-23 00:30:02] 检查USDC交易...
[2026-03-23 00:30:02] 暂无新USDC交易
[2026-03-23 00:30:02] === USDC支付监控完成 ===
[2026-03-23 00:30:02] === USDC支付监控开始 ===
[2026-03-23 00:30:02] 检查USDC钱包余额...
[2026-03-23 00:30:02] USDC余额: 917.8988 USDC
[2026-03-23 00:30:02] 检查USDC交易...
[2026-03-23 00:30:02] 暂无新USDC交易
[2026-03-23 00:30:02] === USDC支付监控完成 ===
