[2026-03-22 18:18:27] === WhatsApp自动化开始 ===
[2026-03-22 18:18:27] 检查WhatsApp新消息...
[2026-03-22 18:18:27] 发现 1 条新消息
[2026-03-22 18:18:27] 发送回复给 +65****5678: Thanks for your message! Our t...
[2026-03-22 18:18:27] 发送批量消息给客户...
[2026-03-22 18:18:27] 已发送 2 条营销消息
[2026-03-22 18:18:27] 获取WhatsApp数据分析...
[2026-03-22 18:18:27] 对话: 58 | 发送: 183 | 回复率: 83.6%
[2026-03-22 18:18:27] === WhatsApp自动化完成 ===
[2026-03-22 19:00:02] === WhatsApp自动化开始 ===
[2026-03-22 19:00:02] 检查WhatsApp新消息...
[2026-03-22 19:00:02] 发现 0 条新消息
[2026-03-22 19:00:02] 发送批量消息给客户...
[2026-03-22 19:00:02] 已发送 2 条营销消息
[2026-03-22 19:00:02] 获取WhatsApp数据分析...
[2026-03-22 19:00:02] 对话: 95 | 发送: 468 | 回复率: 97.2%
[2026-03-22 19:00:02] === WhatsApp自动化完成 ===
[2026-03-22 19:00:02] === WhatsApp自动化开始 ===
[2026-03-22 19:00:02] 检查WhatsApp新消息...
[2026-03-22 19:00:02] 发现 0 条新消息
[2026-03-22 19:00:02] 发送批量消息给客户...
[2026-03-22 19:00:02] 已发送 2 条营销消息
[2026-03-22 19:00:02] 获取WhatsApp数据分析...
[2026-03-22 19:00:02] 对话: 95 | 发送: 468 | 回复率: 97.2%
[2026-03-22 19:00:02] === WhatsApp自动化完成 ===
[2026-03-22 20:00:02] === WhatsApp自动化开始 ===
[2026-03-22 20:00:02] 检查WhatsApp新消息...
[2026-03-22 20:00:02] 发现 0 条新消息
[2026-03-22 20:00:02] 发送批量消息给客户...
[2026-03-22 20:00:02] 已发送 1 条营销消息
[2026-03-22 20:00:02] 获取WhatsApp数据分析...
[2026-03-22 20:00:02] 对话: 57 | 发送: 407 | 回复率: 94.3%
[2026-03-22 20:00:02] === WhatsApp自动化完成 ===
[2026-03-22 20:00:02] === WhatsApp自动化开始 ===
[2026-03-22 20:00:02] 检查WhatsApp新消息...
[2026-03-22 20:00:02] 发现 0 条新消息
[2026-03-22 20:00:02] 发送批量消息给客户...
[2026-03-22 20:00:02] 已发送 1 条营销消息
[2026-03-22 20:00:02] 获取WhatsApp数据分析...
[2026-03-22 20:00:02] 对话: 57 | 发送: 407 | 回复率: 94.3%
[2026-03-22 20:00:02] === WhatsApp自动化完成 ===
[2026-03-22 21:00:02] === WhatsApp自动化开始 ===
[2026-03-22 21:00:02] 检查WhatsApp新消息...
[2026-03-22 21:00:02] 发现 1 条新消息
[2026-03-22 21:00:02] 发送回复给 +65****1234: Hi there! 👋 Welcome to Apex Sp...
[2026-03-22 21:00:02] 发送批量消息给客户...
[2026-03-22 21:00:02] 已发送 0 条营销消息
[2026-03-22 21:00:02] 获取WhatsApp数据分析...
[2026-03-22 21:00:02] 对话: 25 | 发送: 295 | 回复率: 90.2%
[2026-03-22 21:00:02] === WhatsApp自动化完成 ===
[2026-03-22 21:00:02] === WhatsApp自动化开始 ===
[2026-03-22 21:00:02] 检查WhatsApp新消息...
[2026-03-22 21:00:02] 发现 1 条新消息
[2026-03-22 21:00:02] 发送回复给 +65****1234: Hi there! 👋 Welcome to Apex Sp...
[2026-03-22 21:00:02] 发送批量消息给客户...
[2026-03-22 21:00:02] 已发送 0 条营销消息
[2026-03-22 21:00:02] 获取WhatsApp数据分析...
[2026-03-22 21:00:02] 对话: 25 | 发送: 295 | 回复率: 90.2%
[2026-03-22 21:00:02] === WhatsApp自动化完成 ===
2026-03-22 21:19:26,001 - INFO - ============================================================
2026-03-22 21:19:26,002 - INFO - 📱 WhatsApp 自动化系统 v1.0
2026-03-22 21:19:26,002 - INFO - ============================================================
2026-03-22 21:19:26,002 - INFO - 🔌 测试 WhatsApp API 连接...
2026-03-22 21:19:26,002 - WARNING - ⚠️ 配置文件不存在，使用环境变量
2026-03-22 21:19:26,003 - ERROR - ❌ 未配置 WhatsApp Access Token
2026-03-22 21:19:26,003 - INFO - 请设置环境变量: export WHATSAPP_ACCESS_TOKEN='your_token'
2026-03-22 21:19:26,003 - WARNING - ⚠️ WhatsApp API 未配置，系统将在配置后激活
[2026-03-22 22:00:02] === WhatsApp自动化开始 ===
[2026-03-22 22:00:02] 检查WhatsApp新消息...
[2026-03-22 22:00:02] 发现 1 条新消息
[2026-03-22 22:00:02] 发送回复给 +65****5678: Thanks for your message! Our t...
[2026-03-22 22:00:02] 发送批量消息给客户...
[2026-03-22 22:00:02] 已发送 3 条营销消息
[2026-03-22 22:00:02] 获取WhatsApp数据分析...
[2026-03-22 22:00:02] 对话: 57 | 发送: 78 | 回复率: 81.9%
[2026-03-22 22:00:02] === WhatsApp自动化完成 ===
[2026-03-22 22:00:02] === WhatsApp自动化开始 ===
[2026-03-22 22:00:02] 检查WhatsApp新消息...
[2026-03-22 22:00:02] 发现 1 条新消息
[2026-03-22 22:00:02] 发送回复给 +65****5678: Thanks for your message! Our t...
[2026-03-22 22:00:02] 发送批量消息给客户...
[2026-03-22 22:00:02] 已发送 3 条营销消息
[2026-03-22 22:00:02] 获取WhatsApp数据分析...
[2026-03-22 22:00:02] 对话: 57 | 发送: 78 | 回复率: 81.9%
[2026-03-22 22:00:02] === WhatsApp自动化完成 ===
[2026-03-23 00:00:03] === WhatsApp自动化开始 ===
[2026-03-23 00:00:03] 检查WhatsApp新消息...
[2026-03-23 00:00:03] 发现 1 条新消息
[2026-03-23 00:00:03] 发送回复给 +65****1234: Hi there! 👋 Welcome to Apex Sp...
[2026-03-23 00:00:03] 发送批量消息给客户...
[2026-03-23 00:00:03] 已发送 1 条营销消息
[2026-03-23 00:00:03] 获取WhatsApp数据分析...
[2026-03-23 00:00:03] 对话: 10 | 发送: 401 | 回复率: 84.5%
[2026-03-23 00:00:03] === WhatsApp自动化完成 ===
[2026-03-23 00:00:03] === WhatsApp自动化开始 ===
[2026-03-23 00:00:03] 检查WhatsApp新消息...
[2026-03-23 00:00:03] 发现 1 条新消息
[2026-03-23 00:00:03] 发送回复给 +65****1234: Hi there! 👋 Welcome to Apex Sp...
[2026-03-23 00:00:03] 发送批量消息给客户...
[2026-03-23 00:00:03] 已发送 1 条营销消息
[2026-03-23 00:00:03] 获取WhatsApp数据分析...
[2026-03-23 00:00:03] 对话: 10 | 发送: 401 | 回复率: 84.5%
[2026-03-23 00:00:03] === WhatsApp自动化完成 ===
