[2026-03-22 20:00:02] === 小红书自动化开始 ===
[2026-03-22 20:00:02] 目标: 每天发布5次内容
[2026-03-22 20:00:02] 
--- 第1篇笔记 ---
[2026-03-22 20:00:02] 生成小红书内容...
[2026-03-22 20:00:02] 标题: 营销自动化真的好用吗？实测分享
[2026-03-22 20:00:02] 标签: 营销自动化, 工具测评, 数字营销, 科技
[2026-03-22 20:00:02] 准备发布小红书笔记...
[2026-03-22 20:00:02] 注意: 小红书需要Cookie认证才能实际发布
[2026-03-22 20:00:02] 
--- 第2篇笔记 ---
[2026-03-22 20:00:02] 生成小红书内容...
[2026-03-22 20:00:02] 标题: 营销自动化真的好用吗？实测分享
[2026-03-22 20:00:02] 标签: 营销自动化, 工具测评, 数字营销, 科技
[2026-03-22 20:00:02] 准备发布小红书笔记...
[2026-03-22 20:00:02] 注意: 小红书需要Cookie认证才能实际发布
[2026-03-22 20:00:02] 执行用户互动...
[2026-03-22 20:00:02] 执行: 回复私信
[2026-03-22 20:00:02] 获取小红书数据分析...
[2026-03-22 20:00:02] 观看: 13938 | 点赞: 1467 | 收藏: 128
[2026-03-22 20:00:02] === 小红书自动化完成 ===
[2026-03-22 20:00:02] === 小红书自动化开始 ===
[2026-03-22 20:00:02] 目标: 每天发布5次内容
[2026-03-22 20:00:02] 
--- 第1篇笔记 ---
[2026-03-22 20:00:02] 生成小红书内容...
[2026-03-22 20:00:02] 标题: 营销自动化真的好用吗？实测分享
[2026-03-22 20:00:02] 标签: 营销自动化, 工具测评, 数字营销, 科技
[2026-03-22 20:00:02] 准备发布小红书笔记...
[2026-03-22 20:00:02] 注意: 小红书需要Cookie认证才能实际发布
[2026-03-22 20:00:02] 
--- 第2篇笔记 ---
[2026-03-22 20:00:02] 生成小红书内容...
[2026-03-22 20:00:02] 标题: 营销自动化真的好用吗？实测分享
[2026-03-22 20:00:02] 标签: 营销自动化, 工具测评, 数字营销, 科技
[2026-03-22 20:00:02] 准备发布小红书笔记...
[2026-03-22 20:00:02] 注意: 小红书需要Cookie认证才能实际发布
[2026-03-22 20:00:02] 执行用户互动...
[2026-03-22 20:00:02] 执行: 回复私信
[2026-03-22 20:00:02] 获取小红书数据分析...
[2026-03-22 20:00:02] 观看: 13938 | 点赞: 1467 | 收藏: 128
[2026-03-22 20:00:02] === 小红书自动化完成 ===
